<?xml version="1.0" encoding="UTF-8"?>
<!-- Generated by org.testng.reporters.JUnitXMLReporter -->
<testsuite ignored="2" hostname="Shohanur-Sourav" failures="0" tests="3" name="Test" time="49.514" errors="0" timestamp="2022-10-14T22:06:43 BDT">
  <testcase classname="tests.AccountCreate" name="CLickonSIgnIn" time="14.116"/>
  <testcase classname="tests.AccountCreate" name="emailProvide" time="12.361"/>
  <testcase classname="tests.AccountCreate2" name="information" time="11.209"/>
  <testcase classname="drivers.BaseDriver" name="@AfterSuite close" time="0.0">
    <ignored/>
  </testcase> <!-- @AfterSuite close -->
  <testcase classname="drivers.BaseDriver" name="@BeforeSuite start" time="0.0">
    <ignored/>
  </testcase> <!-- @BeforeSuite start -->
</testsuite> <!-- Test -->
