<?xml version="1.0" encoding="UTF-8"?>
<testng-results ignored="2" total="5" passed="3" failed="0" skipped="0">
  <reporter-output>
  </reporter-output>
  <suite started-at="2022-10-14T22:05:54 BDT" name="Suite" finished-at="2022-10-14T22:06:43 BDT" duration-ms="49514">
    <groups>
    </groups>
    <test started-at="2022-10-14T22:05:54 BDT" name="Test" finished-at="2022-10-14T22:06:43 BDT" duration-ms="49514">
      <class name="tests.AccountCreate2">
        <test-method is-config="true" signature="startUrl()[pri:0, instance:tests.AccountCreate2@4efac082]" started-at="2022-10-14T22:06:32 BDT" name="startUrl" finished-at="2022-10-14T22:06:32 BDT" duration-ms="4" status="PASS">
          <reporter-output>
          </reporter-output>
        </test-method> <!-- startUrl -->
        <test-method signature="information()[pri:0, instance:tests.AccountCreate2@4efac082]" started-at="2022-10-14T22:06:32 BDT" name="information" finished-at="2022-10-14T22:06:43 BDT" duration-ms="11209" status="PASS">
          <reporter-output>
          </reporter-output>
        </test-method> <!-- information -->
        <test-method is-config="true" signature="afterClass()[pri:0, instance:tests.AccountCreate2@4efac082]" started-at="2022-10-14T22:06:43 BDT" name="afterClass" finished-at="2022-10-14T22:06:43 BDT" duration-ms="58" status="PASS">
          <reporter-output>
          </reporter-output>
        </test-method> <!-- afterClass -->
      </class> <!-- tests.AccountCreate2 -->
      <class name="tests.AccountCreate">
        <test-method is-config="true" signature="start()[pri:0, instance:tests.AccountCreate@4659191b]" started-at="2022-10-14T22:05:50 BDT" name="start" finished-at="2022-10-14T22:05:54 BDT" duration-ms="3483" status="PASS">
          <reporter-output>
          </reporter-output>
        </test-method> <!-- start -->
        <test-method is-config="true" signature="startUrl()[pri:0, instance:tests.AccountCreate@4659191b]" started-at="2022-10-14T22:05:54 BDT" name="startUrl" finished-at="2022-10-14T22:06:05 BDT" duration-ms="11551" status="PASS">
          <reporter-output>
          </reporter-output>
        </test-method> <!-- startUrl -->
        <test-method signature="CLickonSIgnIn()[pri:0, instance:tests.AccountCreate@4659191b]" started-at="2022-10-14T22:06:05 BDT" name="CLickonSIgnIn" finished-at="2022-10-14T22:06:20 BDT" duration-ms="14116" status="PASS">
          <reporter-output>
          </reporter-output>
        </test-method> <!-- CLickonSIgnIn -->
        <test-method signature="emailProvide()[pri:1, instance:tests.AccountCreate@4659191b]" started-at="2022-10-14T22:06:20 BDT" name="emailProvide" finished-at="2022-10-14T22:06:32 BDT" duration-ms="12361" status="PASS">
          <reporter-output>
          </reporter-output>
        </test-method> <!-- emailProvide -->
        <test-method is-config="true" signature="afterClass()[pri:0, instance:tests.AccountCreate@4659191b]" started-at="2022-10-14T22:06:32 BDT" name="afterClass" finished-at="2022-10-14T22:06:32 BDT" duration-ms="197" status="PASS">
          <reporter-output>
          </reporter-output>
        </test-method> <!-- afterClass -->
        <test-method is-config="true" signature="close()[pri:0, instance:tests.AccountCreate@4659191b]" started-at="2022-10-14T22:06:43 BDT" name="close" finished-at="2022-10-14T22:06:44 BDT" duration-ms="126" status="PASS">
          <reporter-output>
          </reporter-output>
        </test-method> <!-- close -->
      </class> <!-- tests.AccountCreate -->
    </test> <!-- Test -->
  </suite> <!-- Suite -->
</testng-results>
